<?xml version="1.0" encoding="UTF-8"?>
<!-- Generated by org.testng.reporters.JUnitReportReporter -->
<testsuite hostname="Selva" failures="0" tests="1" name="com.Elearning.TestELearning" time="10.793" errors="0" timestamp="2024-01-19T19:20:20 IST" skipped="0">
  <testcase classname="com.Elearning.TestELearning" name="testelearning" time="10.793"/>
  <system-out/>
</testsuite> <!-- com.Elearning.TestELearning -->
